<?xml version="1.0" encoding="UTF-8"?>
<!-- Generated by org.testng.reporters.JUnitXMLReporter -->
<testsuite ignored="2" hostname="Mushfeques-MBP" failures="0" tests="5" name="Car Loan" time="0.121" errors="0" timestamp="2022-03-05T11:47:31 EST">
  <testcase classname="test.Day3" name="mobileSignIn" time="0.007"/>
  <testcase classname="test.Day3" name="mobileSignOutCarLoan" time="0.004"/>
  <testcase classname="test.Day3" name="mobileSignOutCarLoan" time="0.002"/>
  <testcase classname="test.Day3" name="mobileSignOutCarLoan" time="0.003"/>
  <testcase classname="test.Day3" name="webLoginCarLoan" time="0.004"/>
  <testcase classname="test.Day3" name="apiLoginCarLoan" time="0.0">
    <ignored/>
  </testcase> <!-- apiLoginCarLoan -->
  <testcase classname="test.Day3" name="mobileLoginCarLoan" time="0.0">
    <ignored/>
  </testcase> <!-- mobileLoginCarLoan -->
</testsuite> <!-- Car Loan -->
