<?xml version="1.0" encoding="UTF-8"?>
<!-- Generated by org.testng.reporters.JUnitXMLReporter -->
<testsuite ignored="4" hostname="Mushfeques-MBP" failures="0" tests="7" name="Regression" time="0.131" errors="0" timestamp="2022-03-03T17:47:45 EST">
  <testcase classname="test.Day1" name="Demo" time="0.01"/>
  <testcase classname="test.Day1" name="testCase2" time="0.005"/>
  <testcase classname="test.Day3" name="apiLoginCarLoan" time="0.002"/>
  <testcase classname="test.Day3" name="mobileLoginCarLoan" time="0.001"/>
  <testcase classname="test.Day3" name="mobileSignOut" time="0.002"/>
  <testcase classname="test.Day4" name="mobileLoginHomeLoan" time="0.003"/>
  <testcase classname="test.Day4" name="webLoginHomeLoan" time="0.008"/>
  <testcase classname="test.Day3" name="webLoginCarLoan" time="0.0">
    <ignored/>
  </testcase> <!-- webLoginCarLoan -->
  <testcase classname="test.Day4" name="apiLoginHomeLoan" time="0.0">
    <ignored/>
  </testcase> <!-- apiLoginHomeLoan -->
  <testcase classname="test.Day3" name="mobileSignIn" time="0.0">
    <ignored/>
  </testcase> <!-- mobileSignIn -->
  <testcase classname="test.Day2" name="pLoan" time="0.0">
    <ignored/>
  </testcase> <!-- pLoan -->
</testsuite> <!-- Regression -->
